2024-04-22 11:07:39:739 [32minfo[39m: [32mSuccessfully connected to database[39m
2024-04-22 11:07:39:739 [32minfo[39m: [32mListening on port: 4941[39m
2024-04-22 11:09:44:944 [35mhttp[39m: [35m##### GET /api/v1/clubs #####[39m
2024-04-22 11:27:27:2727 [35mhttp[39m: [35m##### OPTIONS /api/v1/users/register #####[39m
2024-04-22 11:27:27:2727 [35mhttp[39m: [35m##### POST /api/v1/users/register #####[39m
2024-04-22 11:27:36:2736 [35mhttp[39m: [35m##### OPTIONS /api/v1/users/login #####[39m
2024-04-22 11:27:36:2736 [35mhttp[39m: [35m##### POST /api/v1/users/login #####[39m
2024-04-22 11:28:22:2822 [35mhttp[39m: [35m##### OPTIONS /api/v1/users/register #####[39m
2024-04-22 11:28:22:2822 [35mhttp[39m: [35m##### POST /api/v1/users/register #####[39m
2024-04-22 11:28:22:2822 [31merror[39m: [31mDuplicate entry 'jbremma@gmail.com' for key 'unique_key'[39m
2024-04-22 11:28:40:2840 [35mhttp[39m: [35m##### OPTIONS /api/v1/users/login #####[39m
2024-04-22 11:28:40:2840 [35mhttp[39m: [35m##### POST /api/v1/users/login #####[39m
2024-04-22 11:28:43:2843 [35mhttp[39m: [35m##### POST /api/v1/users/login #####[39m
2024-04-22 11:28:55:2855 [35mhttp[39m: [35m##### OPTIONS /api/v1/users/login #####[39m
2024-04-22 11:28:55:2855 [35mhttp[39m: [35m##### POST /api/v1/users/login #####[39m
2024-04-22 11:28:58:2858 [35mhttp[39m: [35m##### POST /api/v1/users/login #####[39m
2024-04-22 11:29:18:2918 [35mhttp[39m: [35m##### OPTIONS /api/v1/users/login #####[39m
2024-04-22 11:29:18:2918 [35mhttp[39m: [35m##### POST /api/v1/users/login #####[39m
2024-04-22 11:29:46:2946 [35mhttp[39m: [35m##### OPTIONS /api/v1/users/login #####[39m
2024-04-22 11:29:46:2946 [35mhttp[39m: [35m##### POST /api/v1/users/login #####[39m
2024-04-23 13:50:50:5050 [32minfo[39m: [32mSuccessfully connected to database[39m
2024-04-23 13:50:50:5050 [32minfo[39m: [32mListening on port: 4941[39m
2024-04-23 13:52:20:5220 [35mhttp[39m: [35m##### OPTIONS /api/v1/users/login #####[39m
2024-04-23 13:52:20:5220 [35mhttp[39m: [35m##### POST /api/v1/users/login #####[39m
2024-04-23 13:53:22:5322 [35mhttp[39m: [35m##### OPTIONS /api/v1/users/register #####[39m
2024-04-23 13:53:22:5322 [35mhttp[39m: [35m##### POST /api/v1/users/register #####[39m
2024-04-23 13:53:22:5322 [31merror[39m: [31mDuplicate entry 'jbremma@gmail.com' for key 'unique_key'[39m
2024-04-24 08:21:15:2115 [32minfo[39m: [32mSuccessfully connected to database[39m
2024-04-24 08:21:15:2115 [32minfo[39m: [32mListening on port: 4941[39m
2024-04-24 08:38:09:389 [35mhttp[39m: [35m##### OPTIONS /api/v1/users/login #####[39m
2024-04-24 08:38:09:389 [35mhttp[39m: [35m##### POST /api/v1/users/login #####[39m
2024-04-24 08:44:58:4458 [35mhttp[39m: [35m##### OPTIONS /api/v1/users/register #####[39m
2024-04-24 08:44:58:4458 [35mhttp[39m: [35m##### POST /api/v1/users/register #####[39m
2024-04-24 08:44:59:4459 [35mhttp[39m: [35m##### OPTIONS /api/v1/users/login #####[39m
2024-04-24 08:44:59:4459 [35mhttp[39m: [35m##### POST /api/v1/users/login #####[39m
2024-04-24 09:52:08:528 [35mhttp[39m: [35m##### OPTIONS /api/v1/users/register #####[39m
2024-04-24 09:52:08:528 [35mhttp[39m: [35m##### POST /api/v1/users/register #####[39m
2024-04-24 09:52:08:528 [35mhttp[39m: [35m##### OPTIONS /api/v1/users/login #####[39m
2024-04-24 09:52:08:528 [35mhttp[39m: [35m##### POST /api/v1/users/login #####[39m
2024-04-24 09:55:28:5528 [35mhttp[39m: [35m##### OPTIONS /api/v1/users/register #####[39m
2024-04-24 09:55:28:5528 [35mhttp[39m: [35m##### POST /api/v1/users/register #####[39m
2024-04-24 09:55:28:5528 [35mhttp[39m: [35m##### OPTIONS /api/v1/users/login #####[39m
2024-04-24 09:55:28:5528 [35mhttp[39m: [35m##### POST /api/v1/users/login #####[39m
2024-04-24 09:59:47:5947 [35mhttp[39m: [35m##### OPTIONS /api/v1/users/register #####[39m
2024-04-24 09:59:47:5947 [35mhttp[39m: [35m##### POST /api/v1/users/register #####[39m
2024-04-24 09:59:47:5947 [35mhttp[39m: [35m##### OPTIONS /api/v1/users/login #####[39m
2024-04-24 09:59:47:5947 [35mhttp[39m: [35m##### POST /api/v1/users/login #####[39m
2024-04-24 10:04:22:422 [35mhttp[39m: [35m##### OPTIONS /api/v1/users/register #####[39m
2024-04-24 10:04:22:422 [35mhttp[39m: [35m##### POST /api/v1/users/register #####[39m
2024-04-24 10:04:22:422 [31merror[39m: [31mDuplicate entry '123@g.c' for key 'unique_key'[39m
2024-04-24 10:04:25:425 [35mhttp[39m: [35m##### POST /api/v1/users/register #####[39m
2024-04-24 10:04:25:425 [35mhttp[39m: [35m##### OPTIONS /api/v1/users/login #####[39m
2024-04-24 10:04:25:425 [35mhttp[39m: [35m##### POST /api/v1/users/login #####[39m
2024-04-24 10:04:25:425 [35mhttp[39m: [35m##### OPTIONS /api/v1/users/1/image #####[39m
2024-04-24 10:04:25:425 [35mhttp[39m: [35m##### PUT /api/v1/users/1/image #####[39m
2024-04-24 10:06:59:659 [35mhttp[39m: [35m##### OPTIONS /api/v1/users/register #####[39m
2024-04-24 10:06:59:659 [35mhttp[39m: [35m##### POST /api/v1/users/register #####[39m
2024-04-24 10:06:59:659 [35mhttp[39m: [35m##### OPTIONS /api/v1/users/login #####[39m
2024-04-24 10:06:59:659 [35mhttp[39m: [35m##### POST /api/v1/users/login #####[39m
2024-04-24 10:06:59:659 [35mhttp[39m: [35m##### OPTIONS /api/v1/users/1/image #####[39m
2024-04-24 10:06:59:659 [35mhttp[39m: [35m##### PUT /api/v1/users/1/image #####[39m
2024-04-24 10:18:46:1846 [35mhttp[39m: [35m##### OPTIONS /api/v1/users/register #####[39m
2024-04-24 10:18:46:1846 [35mhttp[39m: [35m##### POST /api/v1/users/register #####[39m
2024-04-24 10:18:46:1846 [35mhttp[39m: [35m##### OPTIONS /api/v1/users/login #####[39m
2024-04-24 10:18:46:1846 [35mhttp[39m: [35m##### POST /api/v1/users/login #####[39m
2024-04-24 10:18:46:1846 [35mhttp[39m: [35m##### OPTIONS /api/v1/users/1/image #####[39m
2024-04-24 10:18:46:1846 [35mhttp[39m: [35m##### PUT /api/v1/users/1/image #####[39m
2024-04-24 10:20:51:2051 [35mhttp[39m: [35m##### OPTIONS /api/v1/users/register #####[39m
2024-04-24 10:20:51:2051 [35mhttp[39m: [35m##### POST /api/v1/users/register #####[39m
2024-04-24 10:20:52:2052 [35mhttp[39m: [35m##### OPTIONS /api/v1/users/login #####[39m
2024-04-24 10:20:52:2052 [35mhttp[39m: [35m##### POST /api/v1/users/login #####[39m
2024-04-24 10:20:52:2052 [35mhttp[39m: [35m##### OPTIONS /api/v1/users/1/image #####[39m
2024-04-24 10:20:52:2052 [35mhttp[39m: [35m##### PUT /api/v1/users/1/image #####[39m
2024-04-24 10:24:14:2414 [35mhttp[39m: [35m##### OPTIONS /api/v1/users/register #####[39m
2024-04-24 10:24:14:2414 [35mhttp[39m: [35m##### POST /api/v1/users/register #####[39m
2024-04-24 10:24:14:2414 [35mhttp[39m: [35m##### OPTIONS /api/v1/users/login #####[39m
2024-04-24 10:24:14:2414 [35mhttp[39m: [35m##### POST /api/v1/users/login #####[39m
2024-04-24 10:24:14:2414 [35mhttp[39m: [35m##### OPTIONS /api/v1/users/1/image #####[39m
2024-04-24 10:24:14:2414 [35mhttp[39m: [35m##### PUT /api/v1/users/1/image #####[39m
2024-04-24 10:33:34:3334 [35mhttp[39m: [35m##### OPTIONS /api/v1/users/register #####[39m
2024-04-24 10:33:34:3334 [35mhttp[39m: [35m##### POST /api/v1/users/register #####[39m
2024-04-24 10:33:34:3334 [35mhttp[39m: [35m##### OPTIONS /api/v1/users/login #####[39m
2024-04-24 10:33:34:3334 [35mhttp[39m: [35m##### POST /api/v1/users/login #####[39m
2024-04-24 10:33:34:3334 [35mhttp[39m: [35m##### OPTIONS /api/v1/users//image #####[39m
2024-04-24 10:35:17:3517 [35mhttp[39m: [35m##### OPTIONS /api/v1/users/register #####[39m
2024-04-24 10:35:17:3517 [35mhttp[39m: [35m##### POST /api/v1/users/register #####[39m
2024-04-24 10:35:17:3517 [31merror[39m: [31mDuplicate entry '213213123@g.c' for key 'unique_key'[39m
2024-04-24 10:35:30:3530 [35mhttp[39m: [35m##### OPTIONS /api/v1/users/register #####[39m
2024-04-24 10:35:30:3530 [35mhttp[39m: [35m##### POST /api/v1/users/register #####[39m
2024-04-24 10:35:30:3530 [35mhttp[39m: [35m##### OPTIONS /api/v1/users/login #####[39m
2024-04-24 10:35:30:3530 [35mhttp[39m: [35m##### POST /api/v1/users/login #####[39m
2024-04-24 10:35:30:3530 [35mhttp[39m: [35m##### OPTIONS /api/v1/users//image #####[39m
2024-04-24 10:38:48:3848 [35mhttp[39m: [35m##### OPTIONS /api/v1/users/register #####[39m
2024-04-24 10:38:48:3848 [35mhttp[39m: [35m##### POST /api/v1/users/register #####[39m
2024-04-24 10:38:48:3848 [35mhttp[39m: [35m##### OPTIONS /api/v1/users/login #####[39m
2024-04-24 10:38:48:3848 [35mhttp[39m: [35m##### POST /api/v1/users/login #####[39m
2024-04-24 10:38:48:3848 [35mhttp[39m: [35m##### OPTIONS /api/v1/users//image #####[39m
2024-04-24 10:39:50:3950 [35mhttp[39m: [35m##### OPTIONS /api/v1/users/register #####[39m
2024-04-24 10:39:50:3950 [35mhttp[39m: [35m##### POST /api/v1/users/register #####[39m
2024-04-24 10:39:51:3951 [35mhttp[39m: [35m##### OPTIONS /api/v1/users/login #####[39m
2024-04-24 10:39:51:3951 [35mhttp[39m: [35m##### POST /api/v1/users/login #####[39m
2024-04-24 10:39:51:3951 [35mhttp[39m: [35m##### OPTIONS /api/v1/users//image #####[39m
2024-04-24 10:44:01:441 [35mhttp[39m: [35m##### OPTIONS /api/v1/users/register #####[39m
2024-04-24 10:44:01:441 [35mhttp[39m: [35m##### POST /api/v1/users/register #####[39m
2024-04-24 10:44:01:441 [35mhttp[39m: [35m##### OPTIONS /api/v1/users/login #####[39m
2024-04-24 10:44:01:441 [35mhttp[39m: [35m##### POST /api/v1/users/login #####[39m
2024-04-24 10:44:01:441 [35mhttp[39m: [35m##### OPTIONS /api/v1/users/undefined/image #####[39m
2024-04-24 10:44:01:441 [35mhttp[39m: [35m##### PUT /api/v1/users/undefined/image #####[39m
2024-04-24 10:44:50:4450 [35mhttp[39m: [35m##### OPTIONS /api/v1/users/register #####[39m
2024-04-24 10:44:50:4450 [35mhttp[39m: [35m##### POST /api/v1/users/register #####[39m
2024-04-24 10:44:50:4450 [35mhttp[39m: [35m##### OPTIONS /api/v1/users/login #####[39m
2024-04-24 10:44:50:4450 [35mhttp[39m: [35m##### POST /api/v1/users/login #####[39m
2024-04-24 10:44:50:4450 [35mhttp[39m: [35m##### OPTIONS /api/v1/users/undefined/image #####[39m
2024-04-24 10:44:50:4450 [35mhttp[39m: [35m##### PUT /api/v1/users/undefined/image #####[39m
2024-04-24 10:46:06:466 [35mhttp[39m: [35m##### OPTIONS /api/v1/users/register #####[39m
2024-04-24 10:46:06:466 [35mhttp[39m: [35m##### POST /api/v1/users/register #####[39m
2024-04-24 10:46:06:466 [35mhttp[39m: [35m##### OPTIONS /api/v1/users/login #####[39m
2024-04-24 10:46:06:466 [35mhttp[39m: [35m##### POST /api/v1/users/login #####[39m
2024-04-24 10:46:51:4651 [35mhttp[39m: [35m##### OPTIONS /api/v1/users/register #####[39m
2024-04-24 10:46:51:4651 [35mhttp[39m: [35m##### POST /api/v1/users/register #####[39m
2024-04-24 10:46:51:4651 [35mhttp[39m: [35m##### OPTIONS /api/v1/users/login #####[39m
2024-04-24 10:46:51:4651 [35mhttp[39m: [35m##### POST /api/v1/users/login #####[39m
2024-04-24 10:46:52:4652 [35mhttp[39m: [35m##### OPTIONS /api/v1/users/43/image #####[39m
2024-04-24 10:46:52:4652 [35mhttp[39m: [35m##### PUT /api/v1/users/43/image #####[39m
2024-04-24 10:58:34:5834 [35mhttp[39m: [35m##### OPTIONS /api/v1/users/register #####[39m
2024-04-24 10:58:34:5834 [35mhttp[39m: [35m##### POST /api/v1/users/register #####[39m
2024-04-24 10:58:34:5834 [35mhttp[39m: [35m##### OPTIONS /api/v1/users/login #####[39m
2024-04-24 10:58:34:5834 [35mhttp[39m: [35m##### POST /api/v1/users/login #####[39m
2024-04-24 10:58:34:5834 [35mhttp[39m: [35m##### OPTIONS /api/v1/users/44/image #####[39m
2024-04-24 10:58:34:5834 [35mhttp[39m: [35m##### PUT /api/v1/users/44/image #####[39m
2024-04-24 11:03:05:35 [35mhttp[39m: [35m##### OPTIONS /api/v1/users/register #####[39m
2024-04-24 11:03:05:35 [35mhttp[39m: [35m##### POST /api/v1/users/register #####[39m
2024-04-24 11:03:05:35 [35mhttp[39m: [35m##### OPTIONS /api/v1/users/login #####[39m
2024-04-24 11:03:05:35 [35mhttp[39m: [35m##### POST /api/v1/users/login #####[39m
2024-04-24 11:03:06:36 [35mhttp[39m: [35m##### OPTIONS /api/v1/users/45/image #####[39m
2024-04-24 11:03:06:36 [35mhttp[39m: [35m##### PUT /api/v1/users/45/image #####[39m
2024-04-24 11:08:19:819 [35mhttp[39m: [35m##### OPTIONS /api/v1/users/register #####[39m
2024-04-24 11:08:19:819 [35mhttp[39m: [35m##### POST /api/v1/users/register #####[39m
2024-04-24 11:08:19:819 [35mhttp[39m: [35m##### OPTIONS /api/v1/users/login #####[39m
2024-04-24 11:08:19:819 [35mhttp[39m: [35m##### POST /api/v1/users/login #####[39m
2024-04-24 11:08:19:819 [35mhttp[39m: [35m##### OPTIONS /api/v1/users/46/image #####[39m
2024-04-24 11:08:19:819 [35mhttp[39m: [35m##### PUT /api/v1/users/46/image #####[39m
2024-04-24 11:11:27:1127 [35mhttp[39m: [35m##### OPTIONS /api/v1/users/register #####[39m
2024-04-24 11:11:27:1127 [35mhttp[39m: [35m##### POST /api/v1/users/register #####[39m
2024-04-24 11:11:27:1127 [35mhttp[39m: [35m##### OPTIONS /api/v1/users/login #####[39m
2024-04-24 11:11:27:1127 [35mhttp[39m: [35m##### POST /api/v1/users/login #####[39m
2024-04-24 11:11:27:1127 [35mhttp[39m: [35m##### OPTIONS /api/v1/users/47/image #####[39m
2024-04-24 11:11:27:1127 [35mhttp[39m: [35m##### PUT /api/v1/users/47/image #####[39m
