2024-04-22 11:28:22:2822 [31merror[39m: [31mDuplicate entry 'jbremma@gmail.com' for key 'unique_key'[39m
2024-04-23 13:53:22:5322 [31merror[39m: [31mDuplicate entry 'jbremma@gmail.com' for key 'unique_key'[39m
2024-04-24 10:04:22:422 [31merror[39m: [31mDuplicate entry '123@g.c' for key 'unique_key'[39m
2024-04-24 10:35:17:3517 [31merror[39m: [31mDuplicate entry '213213123@g.c' for key 'unique_key'[39m
2024-04-24 11:23:13:2313 [31merror[39m: [31mDuplicate entry 'jbremma@gmail.com' for key 'unique_key'[39m
2024-04-24 13:15:51:1551 [31merror[39m: [31mENOENT: no such file or directory, open './storage/images/user_1.jpg'[39m
2024-04-24 13:15:51:1551 [31merror[39m: [31mENOENT: no such file or directory, open './storage/images/user_1.jpg'[39m
2024-04-24 13:15:51:1551 [31merror[39m: [31mENOENT: no such file or directory, open './storage/images/user_1.jpg'[39m
2024-04-24 13:15:57:1557 [31merror[39m: [31mENOENT: no such file or directory, open './storage/images/user_3.gif'[39m
2024-04-24 13:15:57:1557 [31merror[39m: [31mENOENT: no such file or directory, open './storage/images/user_3.gif'[39m
2024-04-24 13:15:57:1557 [31merror[39m: [31mENOENT: no such file or directory, open './storage/images/user_3.gif'[39m
2024-04-24 13:15:59:1559 [31merror[39m: [31mENOENT: no such file or directory, open './storage/images/user_4.jpg'[39m
2024-04-24 13:15:59:1559 [31merror[39m: [31mENOENT: no such file or directory, open './storage/images/user_4.jpg'[39m
2024-04-24 13:15:59:1559 [31merror[39m: [31mENOENT: no such file or directory, open './storage/images/user_4.jpg'[39m
2024-04-24 13:19:22:1922 [31merror[39m: [31mENOENT: no such file or directory, open './storage/images/user_1.jpg'[39m
2024-04-24 13:19:29:1929 [31merror[39m: [31mENOENT: no such file or directory, open './storage/images/user_2.png'[39m
2024-04-24 13:19:32:1932 [31merror[39m: [31mENOENT: no such file or directory, open './storage/images/user_3.gif'[39m
2024-04-24 13:19:34:1934 [31merror[39m: [31mENOENT: no such file or directory, open './storage/images/user_4.jpg'[39m
2024-04-24 13:20:55:2055 [31merror[39m: [31mENOENT: no such file or directory, open './storage/images/user_20.jpeg'[39m
2024-04-24 13:22:12:2212 [31merror[39m: [31mENOENT: no such file or directory, open './storage/images/user_20.jpeg'[39m
2024-04-24 13:22:18:2218 [31merror[39m: [31mENOENT: no such file or directory, open './storage/images/user_20.jpeg'[39m
2024-05-06 13:49:28:4928 [31merror[39m: [31mDuplicate entry 'jbremma@gmail.com' for key 'unique_key'[39m
